MPASM  5.51                         LUJAN.ASM   3-18-2021  10:33:08         PAGE  1


LOC  OBJECT CODE     LINE SOURCE TEXT
  VALUE

                      00001 ;Proyecto: lujan
                      00002 ;Programa para ejemplificar el uso
                      00003 ;de la funcionalidad debugg en mplab.
                      00004 ;Autor: Mario Alejandro Lujan Miranda
                      00005 ;Fecha: 3 Marzo 2021
                      00006                 list p=16f84a
                      00007                 include <p16F84a.inc>
                      00001         LIST
                      00002 
                      00003 ;==========================================================================
                      00004 ;  MPASM PIC16F84A processor include
                      00005 ; 
                      00006 ;  (c) Copyright 1999-2013 Microchip Technology, All rights reserved
                      00007 ;==========================================================================
                      00008 
                      00208         LIST
2007   3FF3           00008                 __CONFIG _RC_OSC & _WDT_OFF & _PWRTE_ON
                      00009 ;etiquetas/variables
  0000001F            00010 j               equ     h'1F' ;Asigna un espacio de memoria a la variable j
  0000001E            00011 k               equ h'1E' ;Asigna un espacio de memoria a la variable k
0000                  00012                 org 0
                      00013 
0000   3000           00014                 movlw   b'00000000'     ;El registro W se carga con el valor de 8 bits 
Warning[224]: Use of this instruction is not recommended.
0001   0066           00015                 tris    PORTB ;Coloca sentido de trabajo de PORTB
0002   3001           00016                 movlw   b'00000001'     ;El registro W se carga con el valor de 8 bits
0003   0086           00017                 movwf   PORTB   ;Mueve el contenido del registro W al registro "PORTB"
                      00018 
0004   0D86           00019 mloop:  rlf     PORTB,f ;(rlf f,d) Rotacion de un bit a la izquierda del contenido del registro "f" pasa
                            ndo por el bit de acarreo C.
                      00020                                         ;Si d = 1 el resultado se almacena en "f", si d = 0 el resultado
                             se almacena en W.
                      00021 
0005   3032           00022                 movlw   d'50'   ;(movlw k)El registro W se carga con el valor de 8 bits del literal "k".
0006   009F           00023                 movwf   j       ;Mueve el contenido del registro W al registro j.
0007   009E           00024 jloop   movwf   k       ;El contenido del registro k se carga en el registro destino dependiendo del val
                            or de kloop
0008   0B9E           00025 kloop   decfsz  k,f     ;Decrementa f y salta si el resultado es 0
0009   2808           00026                 goto    kloop   ;Salto incondicional 
000A   0B9F           00027                 decfsz  j,f
000B   2807           00028                 goto jloop
000C   2804           00029                 goto mloop
                      00030 
                      00031                 end
MPASM  5.51                         LUJAN.ASM   3-18-2021  10:33:08         PAGE  2


SYMBOL TABLE
  LABEL                             VALUE 

C                                 00000000
DC                                00000001
EEADR                             00000009
EECON1                            00000088
EECON2                            00000089
EEDATA                            00000008
EEIE                              00000006
EEIF                              00000004
F                                 00000001
FSR                               00000004
GIE                               00000007
INDF                              00000000
INTCON                            0000000B
INTE                              00000004
INTEDG                            00000006
INTF                              00000001
IRP                               00000007
NOT_PD                            00000003
NOT_RBPU                          00000007
NOT_TO                            00000004
OPTION_REG                        00000081
PCL                               00000002
PCLATH                            0000000A
PORTA                             00000005
PORTB                             00000006
PS0                               00000000
PS1                               00000001
PS2                               00000002
PSA                               00000003
RA0                               00000000
RA1                               00000001
RA2                               00000002
RA3                               00000003
RA4                               00000004
RB0                               00000000
RB1                               00000001
RB2                               00000002
RB3                               00000003
RB4                               00000004
RB5                               00000005
RB6                               00000006
RB7                               00000007
RBIE                              00000003
RBIF                              00000000
RD                                00000000
RP0                               00000005
RP1                               00000006
STATUS                            00000003
T0CS                              00000005
T0IE                              00000005
T0IF                              00000002
T0SE                              00000004
TMR0                              00000001
MPASM  5.51                         LUJAN.ASM   3-18-2021  10:33:08         PAGE  3


SYMBOL TABLE
  LABEL                             VALUE 

TMR0IE                            00000005
TMR0IF                            00000002
TRISA                             00000085
TRISA0                            00000000
TRISA1                            00000001
TRISA2                            00000002
TRISA3                            00000003
TRISA4                            00000004
TRISB                             00000086
TRISB0                            00000000
TRISB1                            00000001
TRISB2                            00000002
TRISB3                            00000003
TRISB4                            00000004
TRISB5                            00000005
TRISB6                            00000006
TRISB7                            00000007
W                                 00000000
WR                                00000001
WREN                              00000002
WRERR                             00000003
Z                                 00000002
_CONFIG                           00002007
_CP_OFF                           00003FFF
_CP_ON                            0000000F
_DEVID1                           00002006
_FOSC_EXTRC                       00003FFF
_FOSC_HS                          00003FFE
_FOSC_LP                          00003FFC
_FOSC_XT                          00003FFD
_HS_OSC                           00003FFE
_IDLOC0                           00002000
_IDLOC1                           00002001
_IDLOC2                           00002002
_IDLOC3                           00002003
_LP_OSC                           00003FFC
_PWRTE_OFF                        00003FFF
_PWRTE_ON                         00003FF7
_RC_OSC                           00003FFF
_WDTE_OFF                         00003FFB
_WDTE_ON                          00003FFF
_WDT_OFF                          00003FFB
_WDT_ON                           00003FFF
_XT_OSC                           00003FFD
__16F84A                          00000001
__DEBUG                           1
j                                 0000001F
jloop                             00000007
k                                 0000001E
kloop                             00000008
mloop                             00000004
MPASM  5.51                         LUJAN.ASM   3-18-2021  10:33:08         PAGE  4


MEMORY USAGE MAP ('X' = Used,  '-' = Unused)


0000 : XXXXXXXXXXXXX--- ---------------- ---------------- ----------------
2000 : -------X-------- ---------------- ---------------- ----------------

All other memory blocks unused.

Program Memory Words Used:    13
Program Memory Words Free:  1011


Errors   :     0
Warnings :     1 reported,     0 suppressed
Messages :     0 reported,     0 suppressed

